<?xml version="1.0" encoding="UTF-8"?>
<!-- Generated by org.testng.reporters.JUnitXMLReporter -->
<testsuite ignored="0" hostname="LAPTOP-M23KPQ18" failures="0" tests="3" name="Test" time="0.062" errors="0" timestamp="25 Dec 2018 01:10:36 GMT">
  <testcase classname="practice_1.First" name="getElement1" time="0.008"/>
  <testcase classname="practice_1.Second" name="getElement2" time="0.001"/>
  <testcase classname="practice_1.Third" name="getElement3" time="0.001"/>
</testsuite> <!-- Test -->
