<?xml version="1.0" encoding="UTF-8"?>
<testng-results ignored="0" total="3" passed="3" failed="0" skipped="0">
  <reporter-output>
  </reporter-output>
  <suite started-at="2018-12-25T01:10:36Z" name="Suite" finished-at="2018-12-25T01:10:36Z" duration-ms="62">
    <groups>
    </groups>
    <test started-at="2018-12-25T01:10:36Z" name="Test" finished-at="2018-12-25T01:10:36Z" duration-ms="62">
      <class name="practice_1.First">
        <test-method signature="getElement1()[pri:1, instance:practice_1.First@60015ef5]" started-at="2018-12-25T01:10:36Z" name="getElement1" finished-at="2018-12-25T01:10:36Z" duration-ms="8" status="PASS">
          <reporter-output>
          </reporter-output>
        </test-method> <!-- getElement1 -->
      </class> <!-- practice_1.First -->
      <class name="practice_1.Second">
        <test-method is-config="true" signature="b1()[pri:0, instance:practice_1.Second@37f1104d]" started-at="2018-12-25T01:10:36Z" name="b1" finished-at="2018-12-25T01:10:36Z" duration-ms="13" status="PASS">
          <reporter-output>
          </reporter-output>
        </test-method> <!-- b1 -->
        <test-method signature="getElement2()[pri:2, instance:practice_1.Second@37f1104d]" started-at="2018-12-25T01:10:36Z" name="getElement2" finished-at="2018-12-25T01:10:36Z" duration-ms="1" status="PASS">
          <reporter-output>
          </reporter-output>
        </test-method> <!-- getElement2 -->
      </class> <!-- practice_1.Second -->
      <class name="practice_1.Third">
        <test-method signature="getElement3()[pri:3, instance:practice_1.Third@55740540]" started-at="2018-12-25T01:10:36Z" name="getElement3" finished-at="2018-12-25T01:10:36Z" duration-ms="1" status="PASS">
          <reporter-output>
          </reporter-output>
        </test-method> <!-- getElement3 -->
        <test-method is-config="true" signature="a23er()[pri:0, instance:practice_1.Third@55740540]" started-at="2018-12-25T01:10:36Z" name="a23er" finished-at="2018-12-25T01:10:36Z" duration-ms="1" status="PASS">
          <reporter-output>
          </reporter-output>
        </test-method> <!-- a23er -->
        <test-method is-config="true" signature="a1()[pri:0, instance:practice_1.Third@55740540]" started-at="2018-12-25T01:10:36Z" name="a1" finished-at="2018-12-25T01:10:36Z" duration-ms="0" status="PASS">
          <reporter-output>
          </reporter-output>
        </test-method> <!-- a1 -->
      </class> <!-- practice_1.Third -->
    </test> <!-- Test -->
  </suite> <!-- Suite -->
</testng-results>
